TN:
SF:src/common/config/context.ts
FN:8,(anonymous_0)
FNF:1
FNH:1
FNDA:3,(anonymous_0)
DA:1,1
DA:3,1
DA:9,3
DA:16,3
DA:32,3
LF:5
LH:5
BRF:0
BRH:0
end_of_record
TN:
SF:src/common/constants/text-constants.ts
FNF:0
FNH:0
DA:3,1
DA:4,1
DA:6,1
LF:3
LH:3
BRF:0
BRH:0
end_of_record
TN:
SF:src/common/models/pokemon-model.ts
FN:15,(anonymous_0)
FN:22,(anonymous_1)
FNF:2
FNH:2
FNDA:1,(anonymous_0)
FNDA:1,(anonymous_1)
DA:15,1
DA:16,1
DA:17,1
DA:18,1
DA:19,1
DA:22,1
DA:23,1
DA:24,1
DA:25,1
DA:26,1
LF:10
LH:10
BRDA:15,0,0,1
BRDA:15,0,1,1
BRDA:22,1,0,1
BRDA:22,1,1,1
BRF:4
BRH:4
end_of_record
TN:
SF:src/controllers/pokemon-controller.ts
FN:15,(anonymous_0)
FN:24,(anonymous_1)
FN:44,(anonymous_2)
FN:56,(anonymous_3)
FN:61,(anonymous_4)
FN:77,(anonymous_5)
FN:95,(anonymous_6)
FN:105,(anonymous_7)
FNF:8
FNH:8
FNDA:1,(anonymous_0)
FNDA:3,(anonymous_1)
FNDA:2,(anonymous_2)
FNDA:1,(anonymous_3)
FNDA:4,(anonymous_4)
FNDA:2,(anonymous_5)
FNDA:2,(anonymous_6)
FNDA:3,(anonymous_7)
DA:2,1
DA:8,1
DA:9,1
DA:10,1
DA:11,1
DA:13,1
DA:16,1
DA:17,1
DA:18,1
DA:25,3
DA:26,3
DA:28,2
DA:29,2
DA:30,1
DA:36,1
DA:37,1
DA:40,1
DA:45,2
DA:46,2
DA:48,1
DA:49,1
DA:50,1
DA:52,1
DA:57,1
DA:58,1
DA:62,4
DA:63,4
DA:65,3
DA:66,3
DA:67,1
DA:73,2
DA:74,2
DA:75,2
DA:76,2
DA:77,2
DA:80,2
DA:81,1
DA:82,1
DA:87,1
DA:91,1
DA:96,2
DA:97,2
DA:98,1
DA:100,1
DA:101,1
DA:106,3
DA:107,3
DA:108,2
DA:109,2
DA:113,1
DA:115,1
DA:116,1
DA:117,1
DA:120,1
LF:54
LH:54
BRDA:29,0,0,1
BRDA:29,0,1,1
BRDA:40,1,0,1
BRDA:40,1,1,0
BRDA:48,2,0,1
BRDA:48,2,1,0
BRDA:52,3,0,1
BRDA:52,3,1,0
BRDA:66,4,0,1
BRDA:66,4,1,2
BRDA:80,5,0,1
BRDA:80,5,1,1
BRDA:80,6,0,2
BRDA:80,6,1,2
BRDA:80,6,2,2
BRDA:91,7,0,1
BRDA:91,7,1,0
BRDA:97,8,0,1
BRDA:97,8,1,1
BRDA:109,9,0,1
BRDA:109,9,1,1
BRDA:110,10,0,2
BRDA:110,10,1,1
BRDA:120,11,0,1
BRDA:120,11,1,0
BRF:25
BRH:20
end_of_record
TN:
SF:src/helpers/logger.ts
FN:7,(anonymous_1)
FN:26,(anonymous_2)
FN:30,(anonymous_3)
FNF:3
FNH:3
FNDA:1,(anonymous_1)
FNDA:2,(anonymous_2)
FNDA:2,(anonymous_3)
DA:3,1
DA:4,1
DA:5,1
DA:7,1
DA:13,1
DA:18,1
DA:20,1
DA:22,1
DA:23,1
DA:26,1
DA:27,2
DA:28,2
DA:30,2
DA:31,2
DA:32,1
DA:35,1
LF:16
LH:16
BRDA:14,0,0,0
BRDA:14,0,1,1
BRDA:18,1,0,1
BRDA:18,1,1,0
BRDA:20,2,0,0
BRDA:20,2,1,1
BRDA:31,3,0,1
BRDA:31,3,1,1
BRF:8
BRH:5
end_of_record
TN:
SF:src/middlewares/logger.ts
FN:6,(anonymous_0)
FN:7,(anonymous_1)
FNF:2
FNH:2
FNDA:3,(anonymous_0)
FNDA:3,(anonymous_1)
DA:2,1
DA:5,1
DA:7,3
DA:8,3
DA:9,3
DA:11,3
DA:16,3
DA:17,1
DA:19,2
DA:22,3
DA:24,2
DA:26,1
LF:12
LH:12
BRDA:16,0,0,1
BRDA:16,0,1,2
BRF:2
BRH:2
end_of_record
TN:
SF:src/services/pokemon-service.ts
FN:5,(anonymous_0)
FN:9,(anonymous_1)
FN:13,(anonymous_2)
FN:17,(anonymous_3)
FN:21,(anonymous_4)
FN:25,(anonymous_5)
FN:29,(anonymous_6)
FN:33,(anonymous_7)
FNF:8
FNH:8
FNDA:1,(anonymous_0)
FNDA:1,(anonymous_1)
FNDA:2,(anonymous_2)
FNDA:1,(anonymous_3)
FNDA:10,(anonymous_4)
FNDA:4,(anonymous_5)
FNDA:3,(anonymous_6)
FNDA:1,(anonymous_7)
DA:1,1
DA:4,1
DA:6,1
DA:10,1
DA:14,2
DA:18,1
DA:22,10
DA:26,4
DA:30,3
DA:34,1
LF:10
LH:10
BRF:0
BRH:0
end_of_record
TN:
SF:src/validators/pokemon-validator.ts
FNF:0
FNH:0
DA:2,1
DA:3,1
DA:5,1
DA:6,1
DA:7,1
DA:9,1
DA:14,1
DA:21,1
DA:25,1
DA:30,1
LF:10
LH:10
BRF:0
BRH:0
end_of_record
