TN:
SF:src/common/config/context.ts
FN:8,(anonymous_0)
FNF:1
FNH:1
FNDA:3,(anonymous_0)
DA:1,1
DA:3,1
DA:9,3
DA:16,3
DA:32,3
LF:5
LH:5
BRF:0
BRH:0
end_of_record
TN:
SF:src/common/constants/text-constants.ts
FNF:0
FNH:0
DA:3,1
DA:4,1
DA:6,1
LF:3
LH:3
BRF:0
BRH:0
end_of_record
TN:
SF:src/common/models/pokemon-model.ts
FN:15,(anonymous_0)
FN:22,(anonymous_1)
FNF:2
FNH:2
FNDA:1,(anonymous_0)
FNDA:1,(anonymous_1)
DA:15,1
DA:16,1
DA:17,1
DA:18,1
DA:19,1
DA:22,1
DA:23,1
DA:24,1
DA:25,1
DA:26,1
LF:10
LH:10
BRDA:15,0,0,1
BRDA:15,0,1,1
BRDA:22,1,0,1
BRDA:22,1,1,1
BRF:4
BRH:4
end_of_record
TN:
SF:src/controllers/pokemon-controller.ts
FN:22,(anonymous_0)
FN:40,(anonymous_1)
FN:58,(anonymous_2)
FN:84,(anonymous_3)
FN:102,(anonymous_4)
FN:114,(anonymous_5)
FN:129,(anonymous_6)
FN:151,(anonymous_7)
FN:167,(anonymous_8)
FN:191,(anonymous_9)
FNF:10
FNH:10
FNDA:1,(anonymous_0)
FNDA:1,(anonymous_1)
FNDA:3,(anonymous_2)
FNDA:2,(anonymous_3)
FNDA:1,(anonymous_4)
FNDA:4,(anonymous_5)
FNDA:2,(anonymous_6)
FNDA:2,(anonymous_7)
FNDA:3,(anonymous_8)
FNDA:2,(anonymous_9)
DA:2,1
DA:8,1
DA:9,1
DA:10,1
DA:12,1
DA:14,1
DA:23,1
DA:27,1
DA:28,1
DA:30,1
DA:32,1
DA:41,1
DA:42,1
DA:43,1
DA:59,3
DA:60,3
DA:62,2
DA:63,2
DA:64,1
DA:70,1
DA:71,1
DA:74,1
DA:85,2
DA:86,2
DA:88,1
DA:89,1
DA:90,1
DA:91,1
DA:93,1
DA:103,1
DA:104,1
DA:115,4
DA:116,4
DA:118,3
DA:119,3
DA:120,1
DA:126,2
DA:127,2
DA:128,2
DA:129,2
DA:131,2
DA:132,1
DA:133,1
DA:138,1
DA:142,1
DA:152,2
DA:153,2
DA:154,1
DA:156,1
DA:157,1
DA:168,3
DA:169,3
DA:170,2
DA:171,2
DA:175,1
DA:177,1
DA:178,1
DA:179,1
DA:182,1
DA:192,2
DA:193,2
DA:194,1
DA:196,1
DA:197,1
LF:64
LH:64
BRDA:24,0,0,0
BRDA:24,0,1,1
BRDA:27,1,0,1
BRDA:27,1,1,0
BRDA:28,2,0,0
BRDA:28,2,1,1
BRDA:63,3,0,1
BRDA:63,3,1,1
BRDA:74,4,0,1
BRDA:74,4,1,0
BRDA:88,5,0,1
BRDA:88,5,1,0
BRDA:93,6,0,1
BRDA:93,6,1,0
BRDA:119,7,0,1
BRDA:119,7,1,2
BRDA:131,8,0,1
BRDA:131,8,1,1
BRDA:131,9,0,2
BRDA:131,9,1,2
BRDA:131,9,2,2
BRDA:142,10,0,1
BRDA:142,10,1,0
BRDA:153,11,0,1
BRDA:153,11,1,1
BRDA:171,12,0,1
BRDA:171,12,1,1
BRDA:172,13,0,2
BRDA:172,13,1,1
BRDA:182,14,0,1
BRDA:182,14,1,0
BRDA:193,15,0,1
BRDA:193,15,1,1
BRF:33
BRH:25
end_of_record
TN:
SF:src/helpers/logger.ts
FN:8,(anonymous_1)
FN:11,(anonymous_2)
FNF:2
FNH:2
FNDA:2,(anonymous_1)
FNDA:2,(anonymous_2)
DA:1,1
DA:2,1
DA:8,1
DA:9,2
DA:10,2
DA:11,2
DA:12,2
DA:13,1
DA:16,1
LF:9
LH:9
BRDA:12,0,0,1
BRDA:12,0,1,1
BRF:2
BRH:2
end_of_record
TN:
SF:src/middlewares/logger.ts
FN:9,(anonymous_0)
FN:10,(anonymous_1)
FNF:2
FNH:2
FNDA:2,(anonymous_0)
FNDA:2,(anonymous_1)
DA:2,1
DA:5,1
DA:10,2
DA:11,2
DA:13,2
DA:18,2
DA:19,1
DA:21,1
DA:24,2
DA:25,2
LF:10
LH:10
BRDA:18,0,0,1
BRDA:18,0,1,1
BRF:2
BRH:2
end_of_record
TN:
SF:src/services/pokemon-service.ts
FN:8,(anonymous_0)
FN:16,(anonymous_1)
FN:23,(anonymous_2)
FN:31,(anonymous_3)
FN:38,(anonymous_4)
FN:46,(anonymous_5)
FN:53,(anonymous_6)
FN:61,(anonymous_7)
FNF:8
FNH:8
FNDA:1,(anonymous_0)
FNDA:1,(anonymous_1)
FNDA:2,(anonymous_2)
FNDA:1,(anonymous_3)
FNDA:12,(anonymous_4)
FNDA:5,(anonymous_5)
FNDA:3,(anonymous_6)
FNDA:1,(anonymous_7)
DA:1,1
DA:4,1
DA:9,1
DA:17,1
DA:24,2
DA:32,1
DA:39,12
DA:47,5
DA:54,3
DA:62,1
LF:10
LH:10
BRF:0
BRH:0
end_of_record
TN:
SF:src/validators/pokemon-validator.ts
FNF:0
FNH:0
DA:2,1
DA:3,1
DA:5,1
DA:6,1
DA:7,1
DA:9,1
DA:14,1
DA:21,1
DA:25,1
DA:30,1
LF:10
LH:10
BRF:0
BRH:0
end_of_record
